1613833875.008111 client started (10222): version 3.1c, socket /private/tmp/tmux-501/default, protocol 8
1613833875.008190 on Darwin 19.6.0 Darwin Kernel Version 19.6.0: Tue Nov 10 00:10:30 PST 2020; root:xnu-6153.141.10~1/RELEASE_X86_64; libevent 2.1.12-stable (select)
1613833875.008254 socket is /private/tmp/tmux-501/default
1613833875.008281 trying connect
1613833875.008392 add peer 0x7fcb50048000: 6 (0x0)
1613833875.010022 sending message 100 to peer 0x7fcb50048000 (4 bytes)
1613833875.010055 sending message 101 to peer 0x7fcb50048000 (15 bytes)
1613833875.010073 sending message 102 to peer 0x7fcb50048000 (13 bytes)
1613833875.010085 sending message 108 to peer 0x7fcb50048000 (25 bytes)
1613833875.010105 sending message 104 to peer 0x7fcb50048000 (0 bytes)
1613833875.010117 sending message 107 to peer 0x7fcb50048000 (4 bytes)
1613833875.010128 sending message 105 to peer 0x7fcb50048000 (60 bytes)
1613833875.010138 sending message 105 to peer 0x7fcb50048000 (66 bytes)
1613833875.010149 sending message 105 to peer 0x7fcb50048000 (31 bytes)
1613833875.010159 sending message 105 to peer 0x7fcb50048000 (15 bytes)
1613833875.010169 sending message 105 to peer 0x7fcb50048000 (22 bytes)
1613833875.010179 sending message 105 to peer 0x7fcb50048000 (14 bytes)
1613833875.010190 sending message 105 to peer 0x7fcb50048000 (17 bytes)
1613833875.010200 sending message 105 to peer 0x7fcb50048000 (29 bytes)
1613833875.010210 sending message 105 to peer 0x7fcb50048000 (15 bytes)
1613833875.010220 sending message 105 to peer 0x7fcb50048000 (32 bytes)
1613833875.010230 sending message 105 to peer 0x7fcb50048000 (23 bytes)
1613833875.010241 sending message 105 to peer 0x7fcb50048000 (324 bytes)
1613833875.010251 sending message 105 to peer 0x7fcb50048000 (19 bytes)
1613833875.010261 sending message 105 to peer 0x7fcb50048000 (20 bytes)
1613833875.010271 sending message 105 to peer 0x7fcb50048000 (20 bytes)
1613833875.010281 sending message 105 to peer 0x7fcb50048000 (25 bytes)
1613833875.010292 sending message 105 to peer 0x7fcb50048000 (57 bytes)
1613833875.010302 sending message 105 to peer 0x7fcb50048000 (18 bytes)
1613833875.010312 sending message 105 to peer 0x7fcb50048000 (19 bytes)
1613833875.010322 sending message 105 to peer 0x7fcb50048000 (21 bytes)
1613833875.010332 sending message 105 to peer 0x7fcb50048000 (61 bytes)
1613833875.010342 sending message 105 to peer 0x7fcb50048000 (33 bytes)
1613833875.010352 sending message 105 to peer 0x7fcb50048000 (8 bytes)
1613833875.010362 sending message 105 to peer 0x7fcb50048000 (27 bytes)
1613833875.010372 sending message 105 to peer 0x7fcb50048000 (35 bytes)
1613833875.010382 sending message 105 to peer 0x7fcb50048000 (11 bytes)
1613833875.010392 sending message 105 to peer 0x7fcb50048000 (8 bytes)
1613833875.010402 sending message 105 to peer 0x7fcb50048000 (21 bytes)
1613833875.010412 sending message 105 to peer 0x7fcb50048000 (32 bytes)
1613833875.010422 sending message 105 to peer 0x7fcb50048000 (10 bytes)
1613833875.010432 sending message 105 to peer 0x7fcb50048000 (33 bytes)
1613833875.010442 sending message 105 to peer 0x7fcb50048000 (16 bytes)
1613833875.010452 sending message 105 to peer 0x7fcb50048000 (60 bytes)
1613833875.010462 sending message 105 to peer 0x7fcb50048000 (12 bytes)
1613833875.010472 sending message 105 to peer 0x7fcb50048000 (22 bytes)
1613833875.010482 sending message 105 to peer 0x7fcb50048000 (22 bytes)
1613833875.010492 sending message 106 to peer 0x7fcb50048000 (0 bytes)
1613833875.010505 sending message 200 to peer 0x7fcb50048000 (4 bytes)
1613833875.010516 client loop enter
1613833875.012402 peer 0x7fcb50048000 message 207
1613833875.012429 sending message 208 to peer 0x7fcb50048000 (0 bytes)
1613833879.811263 peer 0x7fcb50048000 message 201
1613833879.811301 sending message 205 to peer 0x7fcb50048000 (0 bytes)
1613833879.811516 peer 0x7fcb50048000 message 204
1613833879.811545 client loop exit
